
> judgenode@0.0.0 start /home/c2014/judgesister/webpage
> node ./bin/www

Fri, 04 Sep 2015 03:04:12 GMT express-session deprecated undefined resave option; provide resave option at app.js:25:9
Fri, 04 Sep 2015 03:04:12 GMT express-session deprecated undefined saveUninitialized option; provide saveUninitialized option at app.js:25:9
[0mGET /problems [32m200 [0m40.776 ms - 5142[0m
[0mGET /stylesheets/style.css [36m304 [0m4.578 ms - -[0m
[0mGET /javascripts/jquery-2.1.0.min.js [36m304 [0m3.086 ms - -[0m
[0mGET /javascripts/main.js [32m200 [0m4.852 ms - 2467[0m
[0mGET /javascripts/problem.js [32m200 [0m4.912 ms - 829[0m
[0mGET /time [32m200 [0m2.646 ms - 26[0m
[0mGET /images/background.jpg [36m304 [0m4.326 ms - -[0m
[0mGET /stylesheets/fonts/SHADRG__.TTF [36m304 [0m4.093 ms - -[0m
[0mGET /login [32m200 [0m10.416 ms - 4867[0m
[0mGET /stylesheets/style.css [36m304 [0m1.274 ms - -[0m
[0mGET /javascripts/main.js [32m200 [0m1.880 ms - 2467[0m
[0mGET /javascripts/jquery-2.1.0.min.js [36m304 [0m3.629 ms - -[0m
[0mGET /javascripts/problem.js [32m200 [0m4.494 ms - 829[0m
[0mGET /time [32m200 [0m2.583 ms - 26[0m
[0mGET /images/background.jpg [36m304 [0m0.999 ms - -[0m
[ { uid: 2 } ]
[0mPOST /login [36m302 [0m24.419 ms - 58[0m
[0mGET / [36m304 [0m7.504 ms - -[0m
[0mGET /stylesheets/style.css [36m304 [0m0.943 ms - -[0m
[0mGET /javascripts/main.js [32m200 [0m3.090 ms - 2467[0m
[0mGET /javascripts/problem.js [32m200 [0m3.101 ms - 829[0m
[0mGET /javascripts/jquery-2.1.0.min.js [36m304 [0m2.982 ms - -[0m
[0mGET /time [32m200 [0m3.450 ms - 26[0m
[0mGET /images/background.jpg [36m304 [0m1.123 ms - -[0m
[0mGET /problems [32m200 [0m8.150 ms - 5116[0m
[0mGET /stylesheets/style.css [36m304 [0m1.731 ms - -[0m
[0mGET /javascripts/jquery-2.1.0.min.js [36m304 [0m1.151 ms - -[0m
[0mGET /javascripts/main.js [32m200 [0m2.980 ms - 2467[0m
[0mGET /javascripts/problem.js [32m200 [0m3.223 ms - 829[0m
[0mGET /time [32m200 [0m2.375 ms - 26[0m
[0mGET /images/background.jpg [36m304 [0m0.912 ms - -[0m
[0mGET /stylesheets/fonts/SHADRG__.TTF [36m304 [0m0.936 ms - -[0m
[0mGET /contests [32m200 [0m8.880 ms - 4505[0m
[0mGET /problems [32m200 [0m9.674 ms - 5122[0m
[0mGET /stylesheets/style.css [36m304 [0m3.038 ms - -[0m
[0mGET /javascripts/main.js [32m200 [0m3.655 ms - 2467[0m
[0mGET /javascripts/jquery-2.1.0.min.js [36m304 [0m2.775 ms - -[0m
[0mGET /javascripts/problem.js [32m200 [0m3.326 ms - 829[0m
[0mGET /time [32m200 [0m1.937 ms - 26[0m
[0mGET /images/background.jpg [36m304 [0m0.898 ms - -[0m
[0mGET /stylesheets/fonts/SHADRG__.TTF [36m304 [0m0.879 ms - -[0m
[0mGET /problems [32m200 [0m9.978 ms - 5160[0m
[0mGET /stylesheets/style.css [36m304 [0m0.924 ms - -[0m
[0mGET /javascripts/main.js [32m200 [0m3.373 ms - 2467[0m
[0mGET /javascripts/jquery-2.1.0.min.js [36m304 [0m2.077 ms - -[0m
[0mGET /javascripts/problem.js [32m200 [0m3.280 ms - 829[0m
[0mGET /time [32m200 [0m0.980 ms - 26[0m
[0mGET /images/background.jpg [36m304 [0m0.842 ms - -[0m
[0mGET /stylesheets/fonts/SHADRG__.TTF [36m304 [0m1.996 ms - -[0m
[0mGET /submissions [32m200 [0m10.349 ms - 7071[0m
[0mGET /ranklist [32m200 [0m5.475 ms - 5202[0m
[0mGET /problems [32m200 [0m8.238 ms - 5178[0m
[0mGET / [32m200 [0m3.430 ms - 4426[0m
[0mGET /problems [36m304 [0m10.557 ms - -[0m
[0mGET /stylesheets/style.css [36m304 [0m0.958 ms - -[0m
[0mGET /javascripts/jquery-2.1.0.min.js [36m304 [0m0.935 ms - -[0m
[0mGET /javascripts/main.js [32m200 [0m2.749 ms - 2467[0m
[0mGET /javascripts/problem.js [32m200 [0m2.546 ms - 829[0m
[0mGET /time [32m200 [0m1.012 ms - 26[0m
[0mGET /images/background.jpg [36m304 [0m0.902 ms - -[0m
[0mGET /stylesheets/fonts/SHADRG__.TTF [36m304 [0m0.863 ms - -[0m
[0mGET /contests [32m200 [0m5.638 ms - 4479[0m
[0mGET /stylesheets/style.css [36m304 [0m0.870 ms - -[0m
[0mGET /javascripts/main.js [32m200 [0m2.379 ms - 2467[0m
[0mGET /javascripts/jquery-2.1.0.min.js [36m304 [0m1.796 ms - -[0m
[0mGET /javascripts/problem.js [32m200 [0m2.950 ms - 829[0m
[0mGET /time [32m200 [0m2.208 ms - 26[0m
[0mGET /images/background.jpg [36m304 [0m1.419 ms - -[0m
[0mGET /stylesheets/fonts/SHADRG__.TTF [36m304 [0m0.834 ms - -[0m
[0mGET /robots.txt [33m404 [0m5.648 ms - 1035[0m
[0mGET /problems [32m200 [0m7.979 ms - 5082[0m
[0mGET /stylesheets/style.css [36m304 [0m0.878 ms - -[0m
[0mGET /javascripts/main.js [36m304 [0m1.021 ms - -[0m
[0mGET /javascripts/problem.js [36m304 [0m0.948 ms - -[0m
[0mGET /javascripts/jquery-2.1.0.min.js [36m304 [0m2.220 ms - -[0m
[0mGET /time [32m200 [0m1.025 ms - 26[0m
[0mGET /images/background.jpg [36m304 [0m1.381 ms - -[0m
[0mGET /stylesheets/fonts/SHADRG__.TTF [36m304 [0m1.253 ms - -[0m
[0mGET /problems [36m304 [0m6.670 ms - -[0m
[0mGET /stylesheets/style.css [36m304 [0m0.887 ms - -[0m
[0mGET /javascripts/main.js [36m304 [0m0.899 ms - -[0m
[0mGET /javascripts/problem.js [36m304 [0m0.865 ms - -[0m
[0mGET /javascripts/jquery-2.1.0.min.js [36m304 [0m5.449 ms - -[0m
[0mGET /time [32m200 [0m1.051 ms - 26[0m
[0mGET /images/background.jpg [36m304 [0m1.297 ms - -[0m
[0mGET /stylesheets/fonts/SHADRG__.TTF [36m304 [0m1.173 ms - -[0m
[0mGET / [32m200 [0m3.408 ms - 4426[0m
[0mGET / [32m200 [0m3.316 ms - 4426[0m
[0mGET /problems [31m500 [0m11.173 ms - 2563[0m
